[2019-11-15T17:19:04.544] [DEBUG] cheese - login => username:1,password:1
[2019-11-15T17:19:04.547] [DEBUG] cheese - 1
[2019-11-15T17:19:04.587] [DEBUG] cheese - null
[2019-11-15T17:19:04.588] [DEBUG] cheese - null
[2019-11-15T17:19:15.271] [DEBUG] cheese - login => username:admin,password:123456
[2019-11-15T17:19:15.272] [DEBUG] cheese - admin
[2019-11-15T17:19:15.281] [DEBUG] cheese - null
[2019-11-15T17:19:15.281] [DEBUG] cheese - null
[2019-11-16T18:14:25.541] [DEBUG] cheese - login => username:admin,password:123456
[2019-11-16T18:14:25.544] [DEBUG] cheese - admin
[2019-11-16T18:14:25.577] [DEBUG] cheese - null
[2019-11-16T18:14:25.577] [DEBUG] cheese - null
[2019-11-17T20:08:08.181] [DEBUG] cheese - login => username:111,password:111
[2019-11-17T20:08:08.183] [DEBUG] cheese - 111
[2019-11-17T20:08:08.233] [DEBUG] cheese - null
[2019-11-17T20:08:08.233] [DEBUG] cheese - null
[2019-11-17T20:09:06.615] [DEBUG] cheese - login => username:123,password:123
[2019-11-17T20:09:06.617] [DEBUG] cheese - 123
[2019-11-17T20:09:06.622] [DEBUG] cheese - null
[2019-11-17T20:09:06.622] [DEBUG] cheese - null
[2019-11-17T20:09:19.826] [DEBUG] cheese - login => username:admin,password:123456
[2019-11-17T20:09:19.826] [DEBUG] cheese - admin
[2019-11-17T20:09:19.836] [DEBUG] cheese - null
[2019-11-17T20:09:19.836] [DEBUG] cheese - null
[2019-11-17T20:09:33.171] [DEBUG] cheese - login => username:admin,password:123456
[2019-11-17T20:09:33.172] [DEBUG] cheese - admin
[2019-11-17T20:09:33.175] [DEBUG] cheese - null
[2019-11-17T20:09:33.175] [DEBUG] cheese - null
[2019-11-17T20:11:15.847] [DEBUG] cheese - login => username:123,password:12345
[2019-11-17T20:11:15.847] [DEBUG] cheese - 123
[2019-11-17T20:11:15.852] [DEBUG] cheese - null
[2019-11-17T20:11:15.852] [DEBUG] cheese - null
[2019-11-17T20:11:27.502] [DEBUG] cheese - login => username:admin,password:123456
[2019-11-17T20:11:27.503] [DEBUG] cheese - admin
[2019-11-17T20:11:27.506] [DEBUG] cheese - null
[2019-11-17T20:11:27.506] [DEBUG] cheese - null
[2019-11-17T20:12:32.295] [DEBUG] cheese - login => username:133,password:123
[2019-11-17T20:12:32.295] [DEBUG] cheese - 133
[2019-11-17T20:12:32.298] [DEBUG] cheese - null
[2019-11-17T20:12:32.298] [DEBUG] cheese - null
[2019-11-17T20:13:27.982] [DEBUG] cheese - login => username:12345,password:132456
[2019-11-17T20:13:27.983] [DEBUG] cheese - 12345
[2019-11-17T20:13:27.986] [DEBUG] cheese - null
[2019-11-17T20:13:27.986] [DEBUG] cheese - null
[2019-11-17T20:13:42.608] [DEBUG] cheese - login => username:admin,password:123456
[2019-11-17T20:13:42.608] [DEBUG] cheese - admin
[2019-11-17T20:13:42.610] [DEBUG] cheese - null
[2019-11-17T20:13:42.610] [DEBUG] cheese - null
[2019-11-17T20:16:27.170] [DEBUG] cheese - login => username:123465,password:123456
[2019-11-17T20:16:27.171] [DEBUG] cheese - 123465
[2019-11-17T20:16:27.174] [DEBUG] cheese - null
[2019-11-17T20:16:27.174] [DEBUG] cheese - null
[2019-11-17T20:16:35.399] [DEBUG] cheese - login => username:admin,password:123456
[2019-11-17T20:16:35.399] [DEBUG] cheese - admin
[2019-11-17T20:16:35.405] [DEBUG] cheese - null
[2019-11-17T20:16:35.405] [DEBUG] cheese - null
[2019-11-17T20:47:30.230] [DEBUG] cheese - login => username:123,password:132
[2019-11-17T20:47:30.230] [DEBUG] cheese - 123
[2019-11-17T20:47:30.234] [DEBUG] cheese - null
[2019-11-17T20:47:30.234] [DEBUG] cheese - null
[2019-11-17T20:47:39.129] [DEBUG] cheese - login => username:admin,password:123456
[2019-11-17T20:47:39.130] [DEBUG] cheese - admin
[2019-11-17T20:47:39.135] [DEBUG] cheese - null
[2019-11-17T20:47:39.135] [DEBUG] cheese - null
[2019-11-17T21:17:49.593] [DEBUG] cheese - login => username:123456,password:123456
[2019-11-17T21:17:49.593] [DEBUG] cheese - 123456
[2019-11-17T21:17:49.604] [DEBUG] cheese - null
[2019-11-17T21:17:49.604] [DEBUG] cheese - null
[2019-11-17T21:17:57.007] [DEBUG] cheese - login => username:admin,password:123456
[2019-11-17T21:17:57.007] [DEBUG] cheese - admin
[2019-11-17T21:17:57.010] [DEBUG] cheese - null
[2019-11-17T21:17:57.010] [DEBUG] cheese - null
[2019-11-17T21:20:14.703] [DEBUG] cheese - login => username:admin,password:123456
[2019-11-17T21:20:14.703] [DEBUG] cheese - admin
[2019-11-17T21:20:14.706] [DEBUG] cheese - null
[2019-11-17T21:20:14.706] [DEBUG] cheese - null
[2019-11-17T21:56:13.520] [DEBUG] cheese - login => username:admin,password:123456
[2019-11-17T21:56:13.520] [DEBUG] cheese - admin
[2019-11-17T21:56:13.525] [DEBUG] cheese - null
[2019-11-17T21:56:13.525] [DEBUG] cheese - null
[2019-11-17T21:56:38.972] [DEBUG] cheese - login => username:admin,password:123456
[2019-11-17T21:56:38.972] [DEBUG] cheese - admin
[2019-11-17T21:56:38.976] [DEBUG] cheese - null
[2019-11-17T21:56:38.976] [DEBUG] cheese - null
[2019-11-17T22:01:00.850] [DEBUG] cheese - login => username:admin,password:123456
[2019-11-17T22:01:00.850] [DEBUG] cheese - admin
[2019-11-17T22:01:00.853] [DEBUG] cheese - null
[2019-11-17T22:01:00.853] [DEBUG] cheese - null
[2019-11-17T22:34:53.310] [DEBUG] cheese - login => username:admin,password:123456
[2019-11-17T22:34:53.310] [DEBUG] cheese - admin
[2019-11-17T22:34:53.319] [DEBUG] cheese - null
[2019-11-17T22:34:53.319] [DEBUG] cheese - null
[2019-11-17T22:35:01.280] [DEBUG] cheese - login => username:admin,password:123456
[2019-11-17T22:35:01.280] [DEBUG] cheese - admin
[2019-11-17T22:35:01.282] [DEBUG] cheese - null
[2019-11-17T22:35:01.282] [DEBUG] cheese - null
[2019-11-17T22:35:12.472] [DEBUG] cheese - login => username:admin,password:123456
[2019-11-17T22:35:12.474] [DEBUG] cheese - admin
[2019-11-17T22:35:12.476] [DEBUG] cheese - null
[2019-11-17T22:35:12.477] [DEBUG] cheese - null
[2019-11-17T22:46:28.948] [DEBUG] cheese - login => username:admin,password:123456
[2019-11-17T22:46:28.948] [DEBUG] cheese - admin
[2019-11-17T22:46:28.951] [DEBUG] cheese - null
[2019-11-17T22:46:28.951] [DEBUG] cheese - null
[2019-11-17T22:52:15.222] [DEBUG] cheese - login => username:admin,password:123456
[2019-11-17T22:52:15.222] [DEBUG] cheese - admin
[2019-11-17T22:52:15.224] [DEBUG] cheese - null
[2019-11-17T22:52:15.225] [DEBUG] cheese - null
[2019-11-18T10:16:24.534] [DEBUG] cheese - login => username:admin,password:123456
[2019-11-18T10:16:24.536] [DEBUG] cheese - admin
[2019-11-18T10:16:24.576] [DEBUG] cheese - null
[2019-11-18T10:16:24.576] [DEBUG] cheese - null
[2019-11-18T11:39:37.457] [DEBUG] cheese - login => username:admin,password:123456
[2019-11-18T11:39:37.458] [DEBUG] cheese - admin
[2019-11-18T11:39:37.470] [DEBUG] cheese - null
[2019-11-18T11:39:37.470] [DEBUG] cheese - null
[2019-11-18T11:41:15.227] [DEBUG] cheese - login => username:admin,password:123456
[2019-11-18T11:41:15.227] [DEBUG] cheese - admin
[2019-11-18T11:41:15.230] [DEBUG] cheese - null
[2019-11-18T11:41:15.230] [DEBUG] cheese - null
[2019-11-18T16:23:27.964] [DEBUG] cheese - login => username:admin,password:123456
[2019-11-18T16:23:27.965] [DEBUG] cheese - admin
[2019-11-18T16:23:27.971] [DEBUG] cheese - null
[2019-11-18T16:23:27.971] [DEBUG] cheese - null
[2019-11-18T16:23:33.225] [DEBUG] cheese - login => username:admin,password:12345
[2019-11-18T16:23:33.225] [DEBUG] cheese - admin
[2019-11-18T16:23:33.230] [DEBUG] cheese - null
[2019-11-18T16:23:33.230] [DEBUG] cheese - null
[2019-11-18T16:23:34.158] [DEBUG] cheese - login => username:admin,password:12345
[2019-11-18T16:23:34.158] [DEBUG] cheese - admin
[2019-11-18T16:23:34.161] [DEBUG] cheese - null
[2019-11-18T16:23:34.161] [DEBUG] cheese - null
[2019-11-18T16:23:39.786] [DEBUG] cheese - login => username:admin,password:12345
[2019-11-18T16:23:39.786] [DEBUG] cheese - admin
[2019-11-18T16:23:39.790] [DEBUG] cheese - null
[2019-11-18T16:23:39.790] [DEBUG] cheese - null
[2019-11-18T16:23:44.995] [DEBUG] cheese - login => username:admin,password:123456
[2019-11-18T16:23:44.995] [DEBUG] cheese - admin
[2019-11-18T16:23:44.998] [DEBUG] cheese - null
[2019-11-18T16:23:44.998] [DEBUG] cheese - null
[2019-11-18T17:12:13.524] [DEBUG] cheese - login => username:admin,password:123456
[2019-11-18T17:12:13.526] [DEBUG] cheese - admin
[2019-11-18T17:12:13.541] [DEBUG] cheese - null
[2019-11-18T17:12:13.541] [DEBUG] cheese - null
[2019-11-18T19:27:54.550] [DEBUG] cheese - login => username:admin,password:123456
[2019-11-18T19:27:54.551] [DEBUG] cheese - admin
[2019-11-18T19:27:54.562] [DEBUG] cheese - null
[2019-11-18T19:27:54.562] [DEBUG] cheese - null
[2019-11-18T19:28:36.998] [DEBUG] cheese - login => username:admin,password:123456
[2019-11-18T19:28:36.999] [DEBUG] cheese - admin
[2019-11-18T19:28:37.011] [DEBUG] cheese - null
[2019-11-18T19:28:37.011] [DEBUG] cheese - null
[2019-11-18T19:29:34.135] [DEBUG] cheese - login => username:admin,password:123456
[2019-11-18T19:29:34.135] [DEBUG] cheese - admin
[2019-11-18T19:29:34.138] [DEBUG] cheese - null
[2019-11-18T19:29:34.138] [DEBUG] cheese - null
[2019-11-18T19:35:05.285] [DEBUG] cheese - login => username:admin,password:123456
[2019-11-18T19:35:05.285] [DEBUG] cheese - admin
[2019-11-18T19:35:05.288] [DEBUG] cheese - null
[2019-11-18T19:35:05.288] [DEBUG] cheese - null
[2019-11-18T19:35:17.046] [DEBUG] cheese - login => username:admin,password:123456
[2019-11-18T19:35:17.047] [DEBUG] cheese - admin
[2019-11-18T19:35:17.049] [DEBUG] cheese - null
[2019-11-18T19:35:17.049] [DEBUG] cheese - null
[2019-11-18T19:35:22.111] [DEBUG] cheese - login => username:admin,password:123456
[2019-11-18T19:35:22.111] [DEBUG] cheese - admin
[2019-11-18T19:35:22.117] [DEBUG] cheese - null
[2019-11-18T19:35:22.117] [DEBUG] cheese - null
[2019-11-18T19:35:35.786] [DEBUG] cheese - login => username:admin,password:123456
[2019-11-18T19:35:35.787] [DEBUG] cheese - admin
[2019-11-18T19:35:35.790] [DEBUG] cheese - null
[2019-11-18T19:35:35.790] [DEBUG] cheese - null
[2019-11-18T19:36:42.869] [DEBUG] cheese - login => username:admin,password:123456
[2019-11-18T19:36:42.869] [DEBUG] cheese - admin
[2019-11-18T19:36:42.874] [DEBUG] cheese - null
[2019-11-18T19:36:42.874] [DEBUG] cheese - null
[2019-11-18T19:37:13.212] [DEBUG] cheese - login => username:admin,password:123456
[2019-11-18T19:37:13.212] [DEBUG] cheese - admin
[2019-11-18T19:37:13.217] [DEBUG] cheese - null
[2019-11-18T19:37:13.217] [DEBUG] cheese - null
[2019-11-18T19:37:19.342] [DEBUG] cheese - login => username:admin,password:123456
[2019-11-18T19:37:19.342] [DEBUG] cheese - admin
[2019-11-18T19:37:19.346] [DEBUG] cheese - null
[2019-11-18T19:37:19.346] [DEBUG] cheese - null
[2019-11-18T19:37:44.467] [DEBUG] cheese - login => username:admin,password:123456
[2019-11-18T19:37:44.467] [DEBUG] cheese - admin
[2019-11-18T19:37:44.469] [DEBUG] cheese - null
[2019-11-18T19:37:44.470] [DEBUG] cheese - null
[2019-11-18T20:02:35.236] [DEBUG] cheese - login => username:admin,password:123456
[2019-11-18T20:02:35.237] [DEBUG] cheese - admin
[2019-11-18T20:02:35.240] [DEBUG] cheese - null
[2019-11-18T20:02:35.240] [DEBUG] cheese - null
[2019-11-18T22:20:10.296] [DEBUG] cheese - login => username:admin,password:123456
[2019-11-18T22:20:10.298] [DEBUG] cheese - admin
[2019-11-18T22:20:10.306] [DEBUG] cheese - null
[2019-11-18T22:20:10.306] [DEBUG] cheese - null
[2019-11-18T22:20:12.505] [DEBUG] cheese - login => username:admin,password:123456
[2019-11-18T22:20:12.506] [DEBUG] cheese - admin
[2019-11-18T22:20:12.508] [DEBUG] cheese - null
[2019-11-18T22:20:12.508] [DEBUG] cheese - null
[2019-11-18T22:20:14.737] [DEBUG] cheese - login => username:admin,password:123456
[2019-11-18T22:20:14.738] [DEBUG] cheese - admin
[2019-11-18T22:20:14.741] [DEBUG] cheese - null
[2019-11-18T22:20:14.741] [DEBUG] cheese - null
[2019-11-18T22:20:17.284] [DEBUG] cheese - login => username:admin,password:123456
[2019-11-18T22:20:17.284] [DEBUG] cheese - admin
[2019-11-18T22:20:17.286] [DEBUG] cheese - null
[2019-11-18T22:20:17.286] [DEBUG] cheese - null
[2019-11-18T22:20:28.645] [DEBUG] cheese - login => username:admin,password:123456
[2019-11-18T22:20:28.645] [DEBUG] cheese - admin
[2019-11-18T22:20:28.649] [DEBUG] cheese - null
[2019-11-18T22:20:28.649] [DEBUG] cheese - null
[2019-11-19T09:01:39.935] [DEBUG] cheese - login => username:admin,password:123456
[2019-11-19T09:01:39.938] [DEBUG] cheese - admin
[2019-11-19T09:01:39.982] [DEBUG] cheese - null
[2019-11-19T09:01:39.982] [DEBUG] cheese - null
[2019-11-19T09:01:49.093] [DEBUG] cheese - login => username:admin,password:123456
[2019-11-19T09:01:49.093] [DEBUG] cheese - admin
[2019-11-19T09:01:49.097] [DEBUG] cheese - null
[2019-11-19T09:01:49.098] [DEBUG] cheese - null
[2019-11-19T09:14:42.481] [DEBUG] cheese - login => username:admin,password:123456
[2019-11-19T09:14:42.481] [DEBUG] cheese - admin
[2019-11-19T09:14:42.484] [DEBUG] cheese - null
[2019-11-19T09:14:42.484] [DEBUG] cheese - null
[2019-11-19T09:14:48.254] [DEBUG] cheese - login => username:admin,password:123456
[2019-11-19T09:14:48.254] [DEBUG] cheese - admin
[2019-11-19T09:14:48.256] [DEBUG] cheese - null
[2019-11-19T09:14:48.256] [DEBUG] cheese - null
[2019-11-19T10:57:50.974] [DEBUG] cheese - login => username:admin,password:123456
[2019-11-19T10:57:50.975] [DEBUG] cheese - admin
[2019-11-19T10:57:50.980] [DEBUG] cheese - null
[2019-11-19T10:57:50.981] [DEBUG] cheese - null
[2019-11-19T10:59:49.511] [DEBUG] cheese - login => username:admin,password:123456
[2019-11-19T10:59:49.512] [DEBUG] cheese - admin
[2019-11-19T10:59:49.515] [DEBUG] cheese - null
[2019-11-19T10:59:49.515] [DEBUG] cheese - null
[2019-11-19T11:00:25.728] [DEBUG] cheese - login => username:admin,password:123456
[2019-11-19T11:00:25.728] [DEBUG] cheese - admin
[2019-11-19T11:00:25.731] [DEBUG] cheese - null
[2019-11-19T11:00:25.731] [DEBUG] cheese - null
[2019-11-19T15:15:10.560] [DEBUG] cheese - login => username:admin,password:123456
[2019-11-19T15:15:10.563] [DEBUG] cheese - admin
[2019-11-19T15:15:10.573] [DEBUG] cheese - null
[2019-11-19T15:15:10.573] [DEBUG] cheese - null
[2019-11-19T19:05:51.988] [DEBUG] cheese - login => username:admin,password:123456
[2019-11-19T19:05:51.991] [DEBUG] cheese - admin
[2019-11-19T19:05:52.004] [DEBUG] cheese - null
[2019-11-19T19:05:52.004] [DEBUG] cheese - null
[2019-11-19T20:17:18.723] [DEBUG] cheese - login => username:admin,password:123456
[2019-11-19T20:17:18.724] [DEBUG] cheese - admin
[2019-11-19T20:17:18.729] [DEBUG] cheese - null
[2019-11-19T20:17:18.729] [DEBUG] cheese - null
[2019-11-19T21:37:45.325] [DEBUG] cheese - login => username:admin,password:123456
[2019-11-19T21:37:45.335] [DEBUG] cheese - admin
[2019-11-19T21:37:45.354] [DEBUG] cheese - null
[2019-11-19T21:37:45.355] [DEBUG] cheese - null
[2019-11-19T22:20:35.969] [DEBUG] cheese - login => username:admin,password:123456
[2019-11-19T22:20:35.970] [DEBUG] cheese - admin
[2019-11-19T22:20:35.976] [DEBUG] cheese - null
[2019-11-19T22:20:35.977] [DEBUG] cheese - null
[2019-11-20T09:04:38.965] [DEBUG] cheese - login => username:admin,password:123456
[2019-11-20T09:04:38.967] [DEBUG] cheese - admin
[2019-11-20T09:04:39.005] [DEBUG] cheese - null
[2019-11-20T09:04:39.005] [DEBUG] cheese - null
[2019-11-20T10:44:33.454] [DEBUG] cheese - login => username:admin,password:123456
[2019-11-20T10:44:33.455] [DEBUG] cheese - admin
[2019-11-20T10:44:33.467] [DEBUG] cheese - null
[2019-11-20T10:44:33.467] [DEBUG] cheese - null
[2019-11-20T10:46:43.773] [DEBUG] cheese - login => username:admin,password:123456
[2019-11-20T10:46:43.773] [DEBUG] cheese - admin
[2019-11-20T10:46:43.778] [DEBUG] cheese - null
[2019-11-20T10:46:43.778] [DEBUG] cheese - null
[2019-11-20T10:51:55.505] [DEBUG] cheese - login => username:admin,password:123456
[2019-11-20T10:51:55.505] [DEBUG] cheese - admin
[2019-11-20T10:51:55.508] [DEBUG] cheese - null
[2019-11-20T10:51:55.509] [DEBUG] cheese - null
[2019-11-20T11:09:36.083] [DEBUG] cheese - login => username:admin,password:123456
[2019-11-20T11:09:36.083] [DEBUG] cheese - admin
[2019-11-20T11:09:36.085] [DEBUG] cheese - null
[2019-11-20T11:09:36.085] [DEBUG] cheese - null
[2019-11-20T11:12:58.881] [DEBUG] cheese - login => username:admin,password:123456
[2019-11-20T11:12:58.881] [DEBUG] cheese - admin
[2019-11-20T11:12:58.884] [DEBUG] cheese - null
[2019-11-20T11:12:58.884] [DEBUG] cheese - null
[2019-11-20T11:27:52.052] [DEBUG] cheese - login => username:admin,password:123456
[2019-11-20T11:27:52.052] [DEBUG] cheese - admin
[2019-11-20T11:27:52.057] [DEBUG] cheese - null
[2019-11-20T11:27:52.057] [DEBUG] cheese - null
[2019-11-20T15:51:52.399] [DEBUG] cheese - login => username:admin,password:123456
[2019-11-20T15:51:52.401] [DEBUG] cheese - admin
[2019-11-20T15:51:52.427] [DEBUG] cheese - null
[2019-11-20T15:51:52.428] [DEBUG] cheese - null
[2019-11-21T09:51:54.072] [DEBUG] cheese - login => username:admin,password:123456
[2019-11-21T09:51:54.074] [DEBUG] cheese - admin
[2019-11-21T09:51:54.117] [DEBUG] cheese - null
[2019-11-21T09:51:54.118] [DEBUG] cheese - null
[2019-11-21T20:34:33.023] [DEBUG] cheese - login => username:admin,password:123456
[2019-11-21T20:34:33.025] [DEBUG] cheese - admin
[2019-11-21T20:34:33.091] [DEBUG] cheese - null
[2019-11-21T20:34:33.091] [DEBUG] cheese - null
[2019-11-21T21:27:13.916] [DEBUG] cheese - login => username:ZKY,password:123
[2019-11-21T21:27:13.917] [DEBUG] cheese - ZKY
[2019-11-21T21:27:13.921] [DEBUG] cheese - null
[2019-11-21T21:27:13.921] [DEBUG] cheese - null
[2019-11-21T21:27:15.406] [DEBUG] cheese - login => username:ZKY,password:123
[2019-11-21T21:27:15.407] [DEBUG] cheese - ZKY
[2019-11-21T21:27:15.411] [DEBUG] cheese - null
[2019-11-21T21:27:15.411] [DEBUG] cheese - null
[2019-11-21T21:27:16.210] [DEBUG] cheese - login => username:ZKY,password:123
[2019-11-21T21:27:16.210] [DEBUG] cheese - ZKY
[2019-11-21T21:27:16.213] [DEBUG] cheese - null
[2019-11-21T21:27:16.213] [DEBUG] cheese - null
[2019-11-21T21:27:16.833] [DEBUG] cheese - login => username:ZKY,password:123
[2019-11-21T21:27:16.833] [DEBUG] cheese - ZKY
[2019-11-21T21:27:16.836] [DEBUG] cheese - null
[2019-11-21T21:27:16.836] [DEBUG] cheese - null
[2019-11-21T21:27:17.412] [DEBUG] cheese - login => username:ZKY,password:123
[2019-11-21T21:27:17.412] [DEBUG] cheese - ZKY
[2019-11-21T21:27:17.415] [DEBUG] cheese - null
[2019-11-21T21:27:17.415] [DEBUG] cheese - null
[2019-11-21T21:27:17.916] [DEBUG] cheese - login => username:ZKY,password:123
[2019-11-21T21:27:17.916] [DEBUG] cheese - ZKY
[2019-11-21T21:27:17.918] [DEBUG] cheese - null
[2019-11-21T21:27:17.918] [DEBUG] cheese - null
[2019-11-21T21:27:18.369] [DEBUG] cheese - login => username:ZKY,password:123
[2019-11-21T21:27:18.369] [DEBUG] cheese - ZKY
[2019-11-21T21:27:18.372] [DEBUG] cheese - null
[2019-11-21T21:27:18.372] [DEBUG] cheese - null
[2019-11-21T21:27:18.891] [DEBUG] cheese - login => username:ZKY,password:123
[2019-11-21T21:27:18.891] [DEBUG] cheese - ZKY
[2019-11-21T21:27:18.893] [DEBUG] cheese - null
[2019-11-21T21:27:18.893] [DEBUG] cheese - null
[2019-11-21T21:27:19.294] [DEBUG] cheese - login => username:ZKY,password:123
[2019-11-21T21:27:19.294] [DEBUG] cheese - ZKY
[2019-11-21T21:27:19.297] [DEBUG] cheese - null
[2019-11-21T21:27:19.297] [DEBUG] cheese - null
[2019-11-21T21:27:19.473] [DEBUG] cheese - login => username:ZKY,password:123
[2019-11-21T21:27:19.473] [DEBUG] cheese - ZKY
[2019-11-21T21:27:19.476] [DEBUG] cheese - null
[2019-11-21T21:27:19.476] [DEBUG] cheese - null
[2019-11-21T21:27:20.281] [DEBUG] cheese - login => username:ZKY,password:123
[2019-11-21T21:27:20.281] [DEBUG] cheese - ZKY
[2019-11-21T21:27:20.283] [DEBUG] cheese - null
[2019-11-21T21:27:20.283] [DEBUG] cheese - null
[2019-11-21T21:27:21.734] [DEBUG] cheese - login => username:admin,password:123456
[2019-11-21T21:27:21.734] [DEBUG] cheese - admin
[2019-11-21T21:27:21.737] [DEBUG] cheese - null
[2019-11-21T21:27:21.737] [DEBUG] cheese - null
[2021-01-28T18:21:47.116] [DEBUG] cheese - login => username:zs,password:123456
[2021-01-28T18:21:47.121] [DEBUG] cheese - zs
[2021-01-28T18:21:47.127] [DEBUG] cheese - null
[2021-01-28T18:21:47.128] [DEBUG] cheese - null
[2021-01-28T18:22:21.237] [DEBUG] cheese - login => username:admin,password:123456
[2021-01-28T18:22:21.237] [DEBUG] cheese - admin
[2021-01-28T18:22:21.242] [DEBUG] cheese - null
[2021-01-28T18:22:21.243] [DEBUG] cheese - null
[2021-02-02T21:00:27.260] [DEBUG] cheese - login => username:zx1,password:123466
[2021-02-02T21:00:27.262] [DEBUG] cheese - zx1
[2021-02-02T21:00:27.294] [DEBUG] cheese - null
[2021-02-02T21:00:27.295] [DEBUG] cheese - null
[2021-02-02T21:03:02.880] [DEBUG] cheese - login => username:zx1,password:123422
[2021-02-02T21:03:02.881] [DEBUG] cheese - zx1
[2021-02-02T21:03:02.882] [DEBUG] cheese - null
[2021-02-02T21:03:02.883] [DEBUG] cheese - null
[2021-02-02T21:06:20.785] [DEBUG] cheese - login => username:zx,password:1234
[2021-02-02T21:06:20.786] [DEBUG] cheese - zx
[2021-02-02T21:06:20.788] [DEBUG] cheese - null
[2021-02-02T21:06:20.788] [DEBUG] cheese - null
[2021-02-02T21:06:50.565] [DEBUG] cheese - login => username:zx,password:1234
[2021-02-02T21:06:50.566] [DEBUG] cheese - zx
[2021-02-02T21:06:50.569] [DEBUG] cheese - null
[2021-02-02T21:06:50.569] [DEBUG] cheese - null
[2021-02-02T21:06:55.813] [DEBUG] cheese - login => username:zx666,password:123466
[2021-02-02T21:06:55.813] [DEBUG] cheese - zx666
[2021-02-02T21:06:55.814] [DEBUG] cheese - null
[2021-02-02T21:06:55.815] [DEBUG] cheese - null
[2021-02-02T21:07:11.479] [DEBUG] cheese - login => username:zx666,password:12346666
[2021-02-02T21:07:11.479] [DEBUG] cheese - zx666
[2021-02-02T21:07:11.482] [DEBUG] cheese - null
[2021-02-02T21:07:11.482] [DEBUG] cheese - null
[2021-02-02T21:07:12.007] [DEBUG] cheese - login => username:zx666,password:12346666
[2021-02-02T21:07:12.007] [DEBUG] cheese - zx666
[2021-02-02T21:07:12.010] [DEBUG] cheese - null
[2021-02-02T21:07:12.010] [DEBUG] cheese - null
[2021-02-02T21:07:12.232] [DEBUG] cheese - login => username:zx666,password:12346666
[2021-02-02T21:07:12.233] [DEBUG] cheese - zx666
[2021-02-02T21:07:12.239] [DEBUG] cheese - null
[2021-02-02T21:07:12.239] [DEBUG] cheese - null
[2021-02-02T21:07:12.442] [DEBUG] cheese - login => username:zx666,password:12346666
[2021-02-02T21:07:12.442] [DEBUG] cheese - zx666
[2021-02-02T21:07:12.445] [DEBUG] cheese - null
[2021-02-02T21:07:12.446] [DEBUG] cheese - null
[2021-02-02T21:07:12.629] [DEBUG] cheese - login => username:zx666,password:12346666
[2021-02-02T21:07:12.629] [DEBUG] cheese - zx666
[2021-02-02T21:07:12.631] [DEBUG] cheese - null
[2021-02-02T21:07:12.631] [DEBUG] cheese - null
[2021-02-02T21:07:12.808] [DEBUG] cheese - login => username:zx666,password:12346666
[2021-02-02T21:07:12.808] [DEBUG] cheese - zx666
[2021-02-02T21:07:12.810] [DEBUG] cheese - null
[2021-02-02T21:07:12.810] [DEBUG] cheese - null
[2021-02-02T21:07:13.031] [DEBUG] cheese - login => username:zx666,password:12346666
[2021-02-02T21:07:13.032] [DEBUG] cheese - zx666
[2021-02-02T21:07:13.036] [DEBUG] cheese - null
[2021-02-02T21:07:13.036] [DEBUG] cheese - null
[2021-02-02T21:07:16.385] [DEBUG] cheese - login => username:zx666666,password:12346666
[2021-02-02T21:07:16.385] [DEBUG] cheese - zx666666
[2021-02-02T21:07:16.390] [DEBUG] cheese - null
[2021-02-02T21:07:16.390] [DEBUG] cheese - null
[2021-02-02T21:07:17.052] [DEBUG] cheese - login => username:zx666666,password:12346666
[2021-02-02T21:07:17.052] [DEBUG] cheese - zx666666
[2021-02-02T21:07:17.055] [DEBUG] cheese - null
[2021-02-02T21:07:17.055] [DEBUG] cheese - null
[2021-02-02T21:07:17.235] [DEBUG] cheese - login => username:zx666666,password:12346666
[2021-02-02T21:07:17.235] [DEBUG] cheese - zx666666
[2021-02-02T21:07:17.236] [DEBUG] cheese - null
[2021-02-02T21:07:17.236] [DEBUG] cheese - null
[2021-02-02T21:07:17.412] [DEBUG] cheese - login => username:zx666666,password:12346666
[2021-02-02T21:07:17.413] [DEBUG] cheese - zx666666
[2021-02-02T21:07:17.415] [DEBUG] cheese - null
[2021-02-02T21:07:17.415] [DEBUG] cheese - null
[2021-02-02T21:07:17.575] [DEBUG] cheese - login => username:zx666666,password:12346666
[2021-02-02T21:07:17.575] [DEBUG] cheese - zx666666
[2021-02-02T21:07:17.577] [DEBUG] cheese - null
[2021-02-02T21:07:17.577] [DEBUG] cheese - null
[2021-02-02T21:07:25.339] [DEBUG] cheese - login => username:zx66,password:1234666
[2021-02-02T21:07:25.339] [DEBUG] cheese - zx66
[2021-02-02T21:07:25.341] [DEBUG] cheese - null
[2021-02-02T21:07:25.341] [DEBUG] cheese - null
[2021-02-02T21:07:36.924] [DEBUG] cheese - login => username:admin,password:123456
[2021-02-02T21:07:36.924] [DEBUG] cheese - admin
[2021-02-02T21:07:36.929] [DEBUG] cheese - null
[2021-02-02T21:07:36.930] [DEBUG] cheese - null
[2021-02-02T21:14:53.976] [DEBUG] cheese - login => username:zx1,password:1234666
[2021-02-02T21:14:53.977] [DEBUG] cheese - zx1
[2021-02-02T21:14:53.978] [DEBUG] cheese - null
[2021-02-02T21:14:53.978] [DEBUG] cheese - null
[2021-02-02T21:15:46.289] [DEBUG] cheese - login => username:zx6,password:123466
[2021-02-02T21:15:46.289] [DEBUG] cheese - zx6
[2021-02-02T21:15:46.290] [DEBUG] cheese - null
[2021-02-02T21:15:46.291] [DEBUG] cheese - null
[2021-02-02T21:15:54.580] [DEBUG] cheese - login => username:admin,password:123456
[2021-02-02T21:15:54.580] [DEBUG] cheese - admin
[2021-02-02T21:15:54.585] [DEBUG] cheese - null
[2021-02-02T21:15:54.586] [DEBUG] cheese - null
[2021-02-03T20:29:00.861] [DEBUG] cheese - login => username:zx1,password:123466
[2021-02-03T20:29:00.864] [DEBUG] cheese - zx1
[2021-02-03T20:29:00.887] [DEBUG] cheese - null
[2021-02-03T20:29:00.889] [DEBUG] cheese - null
[2021-02-03T20:33:44.497] [DEBUG] cheese - login => username:admin,password:123456
[2021-02-03T20:33:44.497] [DEBUG] cheese - admin
[2021-02-03T20:33:44.503] [DEBUG] cheese - null
[2021-02-03T20:33:44.503] [DEBUG] cheese - null
[2021-02-03T21:46:43.573] [DEBUG] cheese - login => username:admin,password:123456
[2021-02-03T21:46:43.573] [DEBUG] cheese - admin
[2021-02-03T21:46:43.580] [DEBUG] cheese - null
[2021-02-03T21:46:43.580] [DEBUG] cheese - null
[2021-02-03T21:47:14.186] [DEBUG] cheese - login => username:admin,password:123456
[2021-02-03T21:47:14.186] [DEBUG] cheese - admin
[2021-02-03T21:47:14.191] [DEBUG] cheese - null
[2021-02-03T21:47:14.191] [DEBUG] cheese - null
[2021-02-03T21:47:20.770] [DEBUG] cheese - login => username:admin,password:123456
[2021-02-03T21:47:20.770] [DEBUG] cheese - admin
[2021-02-03T21:47:20.772] [DEBUG] cheese - null
[2021-02-03T21:47:20.773] [DEBUG] cheese - null
[2021-02-03T21:48:28.596] [DEBUG] cheese - login => username:admin,password:123456
[2021-02-03T21:48:28.597] [DEBUG] cheese - admin
[2021-02-03T21:48:28.598] [DEBUG] cheese - null
[2021-02-03T21:48:28.598] [DEBUG] cheese - null
[2021-02-03T21:52:52.138] [DEBUG] cheese - login => username:admin,password:123456
[2021-02-03T21:52:52.138] [DEBUG] cheese - admin
[2021-02-03T21:52:52.140] [DEBUG] cheese - null
[2021-02-03T21:52:52.140] [DEBUG] cheese - null
[2021-02-03T21:54:12.157] [DEBUG] cheese - login => username:admin,password:123456
[2021-02-03T21:54:12.157] [DEBUG] cheese - admin
[2021-02-03T21:54:12.159] [DEBUG] cheese - null
[2021-02-03T21:54:12.160] [DEBUG] cheese - null
[2021-02-03T22:00:27.059] [DEBUG] cheese - login => username:admin,password:123456
[2021-02-03T22:00:27.059] [DEBUG] cheese - admin
[2021-02-03T22:00:27.062] [DEBUG] cheese - null
[2021-02-03T22:00:27.062] [DEBUG] cheese - null
[2021-02-03T22:00:51.337] [DEBUG] cheese - login => username:admin,password:123456
[2021-02-03T22:00:51.337] [DEBUG] cheese - admin
[2021-02-03T22:00:51.339] [DEBUG] cheese - null
[2021-02-03T22:00:51.339] [DEBUG] cheese - null
[2021-02-03T22:18:19.409] [DEBUG] cheese - login => username:admin,password:123456
[2021-02-03T22:18:19.409] [DEBUG] cheese - admin
[2021-02-03T22:18:19.414] [DEBUG] cheese - null
[2021-02-03T22:18:19.414] [DEBUG] cheese - null
[2021-02-03T22:22:13.238] [DEBUG] cheese - login => username:admin,password:123456
[2021-02-03T22:22:13.238] [DEBUG] cheese - admin
[2021-02-03T22:22:13.240] [DEBUG] cheese - null
[2021-02-03T22:22:13.240] [DEBUG] cheese - null
[2021-02-03T22:27:34.651] [DEBUG] cheese - login => username:admin,password:123456
[2021-02-03T22:27:34.651] [DEBUG] cheese - admin
[2021-02-03T22:27:34.655] [DEBUG] cheese - null
[2021-02-03T22:27:34.656] [DEBUG] cheese - null
[2021-02-04T20:27:26.818] [DEBUG] cheese - login => username:admin,password:123456
[2021-02-04T20:27:26.819] [DEBUG] cheese - admin
[2021-02-04T20:27:26.845] [DEBUG] cheese - null
[2021-02-04T20:27:26.845] [DEBUG] cheese - null
[2021-02-04T20:38:48.517] [DEBUG] cheese - login => username:admin,password:123456
[2021-02-04T20:38:48.517] [DEBUG] cheese - admin
[2021-02-04T20:38:48.520] [DEBUG] cheese - null
[2021-02-04T20:38:48.520] [DEBUG] cheese - null
[2021-02-04T20:55:29.880] [DEBUG] cheese - login => username:admin,password:123456
[2021-02-04T20:55:29.881] [DEBUG] cheese - admin
[2021-02-04T20:55:29.902] [DEBUG] cheese - null
[2021-02-04T20:55:29.902] [DEBUG] cheese - null
[2021-02-04T22:23:34.265] [DEBUG] cheese - login => username:admin,password:123456
[2021-02-04T22:23:34.266] [DEBUG] cheese - admin
[2021-02-04T22:23:34.272] [DEBUG] cheese - null
[2021-02-04T22:23:34.272] [DEBUG] cheese - null
[2021-02-04T22:25:59.972] [DEBUG] cheese - login => username:admin,password:123456
[2021-02-04T22:25:59.972] [DEBUG] cheese - admin
[2021-02-04T22:25:59.974] [DEBUG] cheese - null
[2021-02-04T22:25:59.976] [DEBUG] cheese - null
[2021-02-14T19:13:35.271] [DEBUG] cheese - login => username:admin,password:123456
[2021-02-14T19:13:35.272] [DEBUG] cheese - admin
[2021-02-14T19:13:35.287] [DEBUG] cheese - null
[2021-02-14T19:13:35.288] [DEBUG] cheese - null
[2021-02-15T20:22:05.870] [DEBUG] cheese - login => username:admin,password:123456
[2021-02-15T20:22:05.872] [DEBUG] cheese - admin
[2021-02-15T20:22:05.900] [DEBUG] cheese - null
[2021-02-15T20:22:05.900] [DEBUG] cheese - null
[2021-02-18T12:14:41.487] [DEBUG] cheese - login => username:admin,password:123456
[2021-02-18T12:14:41.489] [DEBUG] cheese - admin
[2021-02-18T12:14:41.504] [DEBUG] cheese - null
[2021-02-18T12:14:41.505] [DEBUG] cheese - null
[2021-02-18T16:15:45.418] [DEBUG] cheese - login => username:admin,password:123456
[2021-02-18T16:15:45.419] [DEBUG] cheese - admin
[2021-02-18T16:15:45.429] [DEBUG] cheese - null
[2021-02-18T16:15:45.429] [DEBUG] cheese - null
[2021-02-18T16:16:03.659] [DEBUG] cheese - login => username:admin,password:123456
[2021-02-18T16:16:03.659] [DEBUG] cheese - admin
[2021-02-18T16:16:03.662] [DEBUG] cheese - null
[2021-02-18T16:16:03.662] [DEBUG] cheese - null
[2021-02-18T16:34:29.886] [DEBUG] cheese - login => username:admin,password:123456
[2021-02-18T16:34:29.887] [DEBUG] cheese - admin
[2021-02-18T16:34:29.889] [DEBUG] cheese - null
[2021-02-18T16:34:29.889] [DEBUG] cheese - null
[2021-02-18T21:54:14.876] [DEBUG] cheese - login => username:admin,password:123456
[2021-02-18T21:54:14.878] [DEBUG] cheese - admin
[2021-02-18T21:54:14.892] [DEBUG] cheese - null
[2021-02-18T21:54:14.894] [DEBUG] cheese - null
[2021-02-19T12:18:35.121] [DEBUG] cheese - login => username:admin,password:123456
[2021-02-19T12:18:35.123] [DEBUG] cheese - admin
[2021-02-19T12:18:35.147] [DEBUG] cheese - null
[2021-02-19T12:18:35.148] [DEBUG] cheese - null
[2021-02-20T17:51:34.180] [DEBUG] cheese - login => username:admin,password:123456
[2021-02-20T17:51:34.182] [DEBUG] cheese - admin
[2021-02-20T17:51:34.208] [DEBUG] cheese - null
[2021-02-20T17:51:34.209] [DEBUG] cheese - null
[2021-02-21T13:44:23.911] [DEBUG] cheese - login => username:admin,password:123456
[2021-02-21T13:44:23.912] [DEBUG] cheese - admin
[2021-02-21T13:44:23.932] [DEBUG] cheese - null
[2021-02-21T13:44:23.933] [DEBUG] cheese - null
[2021-02-21T20:57:58.328] [DEBUG] cheese - login => username:admin,password:123456
[2021-02-21T20:57:58.329] [DEBUG] cheese - admin
[2021-02-21T20:57:58.344] [DEBUG] cheese - null
[2021-02-21T20:57:58.344] [DEBUG] cheese - null
[2021-02-22T12:37:21.812] [DEBUG] cheese - login => username:admin,password:123456
[2021-02-22T12:37:21.814] [DEBUG] cheese - admin
[2021-02-22T12:37:21.844] [DEBUG] cheese - null
[2021-02-22T12:37:21.845] [DEBUG] cheese - null
[2021-02-22T20:39:16.344] [DEBUG] cheese - login => username:admin,password:123456
[2021-02-22T20:39:16.345] [DEBUG] cheese - admin
[2021-02-22T20:39:16.351] [DEBUG] cheese - null
[2021-02-22T20:39:16.351] [DEBUG] cheese - null
[2021-02-23T12:25:34.930] [DEBUG] cheese - login => username:admin,password:123456
[2021-02-23T12:25:34.931] [DEBUG] cheese - admin
[2021-02-23T12:25:34.953] [DEBUG] cheese - null
[2021-02-23T12:25:34.953] [DEBUG] cheese - null
[2021-02-24T17:27:43.276] [DEBUG] cheese - login => username:admin,password:123456
[2021-02-24T17:27:43.279] [DEBUG] cheese - admin
[2021-02-24T17:27:43.310] [DEBUG] cheese - null
[2021-02-24T17:27:43.310] [DEBUG] cheese - null
[2021-02-28T21:32:48.577] [DEBUG] cheese - login => username:admin,password:123456
[2021-02-28T21:32:48.578] [DEBUG] cheese - admin
[2021-02-28T21:32:48.601] [DEBUG] cheese - null
[2021-02-28T21:32:48.601] [DEBUG] cheese - null
[2021-03-01T16:25:59.652] [DEBUG] cheese - login => username:admin,password:123456
[2021-03-01T16:25:59.653] [DEBUG] cheese - admin
[2021-03-01T16:25:59.672] [DEBUG] cheese - null
[2021-03-01T16:25:59.673] [DEBUG] cheese - null
[2021-03-01T17:34:21.524] [DEBUG] cheese - login => username:admin,password:123456
[2021-03-01T17:34:21.526] [DEBUG] cheese - admin
[2021-03-01T17:34:21.537] [DEBUG] cheese - null
[2021-03-01T17:34:21.537] [DEBUG] cheese - null
[2021-03-03T18:14:14.096] [DEBUG] cheese - login => username:admin,password:123456
[2021-03-03T18:14:14.097] [DEBUG] cheese - admin
[2021-03-03T18:14:14.119] [DEBUG] cheese - null
[2021-03-03T18:14:14.120] [DEBUG] cheese - null
[2021-03-03T21:35:22.367] [DEBUG] cheese - null
[2021-03-03T21:36:27.927] [DEBUG] cheese - null
[2021-03-03T21:37:48.597] [DEBUG] cheese - null
[2021-03-03T21:39:33.757] [DEBUG] cheese - null
[2021-03-03T21:39:43.325] [DEBUG] cheese - null
[2021-03-04T19:30:57.533] [DEBUG] cheese - login => username:admin,password:123456
[2021-03-04T19:30:57.535] [DEBUG] cheese - admin
[2021-03-04T19:30:57.564] [DEBUG] cheese - null
[2021-03-04T19:30:57.564] [DEBUG] cheese - null
[2021-03-04T20:07:52.880] [DEBUG] cheese - null
[2021-03-04T20:09:15.367] [DEBUG] cheese - null
[2021-03-04T20:09:38.852] [DEBUG] cheese - null
[2021-03-04T20:09:40.466] [DEBUG] cheese - null
[2021-03-06T14:11:49.604] [DEBUG] cheese - login => username:admin,password:123456
[2021-03-06T14:11:49.606] [DEBUG] cheese - admin
[2021-03-06T14:11:49.628] [DEBUG] cheese - null
[2021-03-06T14:11:49.628] [DEBUG] cheese - null
[2021-03-07T16:18:54.170] [DEBUG] cheese - login => username:admin,password:123456
[2021-03-07T16:18:54.172] [DEBUG] cheese - admin
[2021-03-07T16:18:54.193] [DEBUG] cheese - null
[2021-03-07T16:18:54.194] [DEBUG] cheese - null
[2021-03-08T20:18:56.554] [DEBUG] cheese - login => username:admin,password:123456
[2021-03-08T20:18:56.555] [DEBUG] cheese - admin
[2021-03-08T20:18:56.578] [DEBUG] cheese - null
[2021-03-08T20:18:56.578] [DEBUG] cheese - null
[2021-03-08T20:25:42.580] [DEBUG] cheese - login => username:admin,password:123456
[2021-03-08T20:25:42.580] [DEBUG] cheese - admin
[2021-03-08T20:25:42.584] [DEBUG] cheese - null
[2021-03-08T20:25:42.584] [DEBUG] cheese - null
[2021-03-09T19:36:46.637] [DEBUG] cheese - login => username:admin,password:123456
[2021-03-09T19:36:46.638] [DEBUG] cheese - admin
[2021-03-09T19:36:46.661] [DEBUG] cheese - null
[2021-03-09T19:36:46.661] [DEBUG] cheese - null
[2021-03-09T20:06:28.732] [DEBUG] cheese - login => username:admin,password:123456
[2021-03-09T20:06:28.733] [DEBUG] cheese - admin
[2021-03-09T20:06:28.736] [DEBUG] cheese - null
[2021-03-09T20:06:28.737] [DEBUG] cheese - null
[2021-03-15T16:04:09.426] [DEBUG] cheese - login => username:admin,password:123456
[2021-03-15T16:04:09.427] [DEBUG] cheese - admin
[2021-03-15T16:04:09.451] [DEBUG] cheese - null
[2021-03-15T16:04:09.452] [DEBUG] cheese - null
[2021-03-15T16:12:59.287] [DEBUG] cheese - login => username:admin,password:123456
[2021-03-15T16:12:59.288] [DEBUG] cheese - admin
[2021-03-15T16:12:59.292] [DEBUG] cheese - null
[2021-03-15T16:12:59.292] [DEBUG] cheese - null
[2021-03-16T23:32:56.604] [DEBUG] cheese - login => username:admin,password:123456
[2021-03-16T23:32:56.606] [DEBUG] cheese - admin
[2021-03-16T23:32:56.635] [DEBUG] cheese - null
[2021-03-16T23:32:56.636] [DEBUG] cheese - null
[2021-03-17T23:41:25.070] [DEBUG] cheese - login => username:admin,password:123456
[2021-03-17T23:41:25.071] [DEBUG] cheese - admin
[2021-03-17T23:41:25.098] [DEBUG] cheese - null
[2021-03-17T23:41:25.098] [DEBUG] cheese - null
[2021-03-20T23:35:53.857] [DEBUG] cheese - login => username:admin,password:123456
[2021-03-20T23:35:53.858] [DEBUG] cheese - admin
[2021-03-20T23:35:53.888] [DEBUG] cheese - null
[2021-03-20T23:35:53.889] [DEBUG] cheese - null
[2021-03-22T15:41:06.673] [DEBUG] cheese - login => username:admin,password:123456
[2021-03-22T15:41:06.674] [DEBUG] cheese - admin
[2021-03-22T15:41:06.696] [DEBUG] cheese - null
[2021-03-22T15:41:06.696] [DEBUG] cheese - null
[2021-03-24T20:17:26.103] [DEBUG] cheese - login => username:admin,password:123456
[2021-03-24T20:17:26.104] [DEBUG] cheese - admin
[2021-03-24T20:17:26.128] [DEBUG] cheese - null
[2021-03-24T20:17:26.128] [DEBUG] cheese - null
[2021-03-25T21:06:56.566] [DEBUG] cheese - login => username:admin,password:123456
[2021-03-25T21:06:56.568] [DEBUG] cheese - admin
[2021-03-25T21:06:56.587] [DEBUG] cheese - null
[2021-03-25T21:06:56.587] [DEBUG] cheese - null
[2021-03-30T21:37:38.457] [DEBUG] cheese - login => username:admin,password:123456
[2021-03-30T21:37:38.459] [DEBUG] cheese - admin
[2021-03-30T21:37:38.482] [DEBUG] cheese - null
[2021-03-30T21:37:38.482] [DEBUG] cheese - null
[2021-04-05T21:31:12.455] [DEBUG] cheese - login => username:admin,password:123456
[2021-04-05T21:31:12.456] [DEBUG] cheese - admin
[2021-04-05T21:31:12.479] [DEBUG] cheese - null
[2021-04-05T21:31:12.479] [DEBUG] cheese - null
[2021-04-06T19:19:02.284] [DEBUG] cheese - login => username:admin,password:123456
[2021-04-06T19:19:02.287] [DEBUG] cheese - admin
[2021-04-06T19:19:02.314] [DEBUG] cheese - null
[2021-04-06T19:19:02.315] [DEBUG] cheese - null
[2021-04-07T19:02:15.467] [DEBUG] cheese - login => username:admin,password:123456
[2021-04-07T19:02:15.469] [DEBUG] cheese - admin
[2021-04-07T19:02:15.491] [DEBUG] cheese - null
[2021-04-07T19:02:15.492] [DEBUG] cheese - null
[2021-04-07T20:23:30.896] [DEBUG] cheese - login => username:admin,password:123456
[2021-04-07T20:23:30.899] [DEBUG] cheese - admin
[2021-04-07T20:23:30.903] [DEBUG] cheese - null
[2021-04-07T20:23:30.903] [DEBUG] cheese - null
[2021-04-10T19:42:14.437] [DEBUG] cheese - login => username:admin,password:123456
[2021-04-10T19:42:14.438] [DEBUG] cheese - admin
[2021-04-10T19:42:14.456] [DEBUG] cheese - null
[2021-04-10T19:42:14.456] [DEBUG] cheese - null
[2021-04-11T19:56:35.963] [DEBUG] cheese - login => username:admin,password:123456
[2021-04-11T19:56:35.964] [DEBUG] cheese - admin
[2021-04-11T19:56:35.987] [DEBUG] cheese - null
[2021-04-11T19:56:35.987] [DEBUG] cheese - null
[2021-04-11T20:03:25.525] [DEBUG] cheese - login => username:admin,password:123456
[2021-04-11T20:03:25.528] [DEBUG] cheese - admin
[2021-04-11T20:03:25.534] [DEBUG] cheese - null
[2021-04-11T20:03:25.535] [DEBUG] cheese - null
[2021-04-14T20:20:28.708] [DEBUG] cheese - login => username:admin,password:123456
[2021-04-14T20:20:28.710] [DEBUG] cheese - admin
[2021-04-14T20:20:28.732] [DEBUG] cheese - null
[2021-04-14T20:20:28.733] [DEBUG] cheese - null
